<?xml version="1.0" encoding="utf-8"?><testsuites name="pytest tests"><testsuite name="pytest" errors="0" failures="0" skipped="0" tests="12" time="10.019" timestamp="2026-01-29T00:44:56.192059+00:00" hostname="agent-env-d0c8fbca-3e47-4712-83e5-cb9d8739f2e6"><testcase classname="backend.tests.test_teleprompter_features.TestSongsAPI" name="test_get_all_songs" time="0.793" /><testcase classname="backend.tests.test_teleprompter_features.TestSongsAPI" name="test_get_song_by_id" time="1.219" /><testcase classname="backend.tests.test_teleprompter_features.TestSongsAPI" name="test_song_has_link_field" time="0.676" /><testcase classname="backend.tests.test_teleprompter_features.TestSongsAPI" name="test_song_has_duration_field" time="0.461" /><testcase classname="backend.tests.test_teleprompter_features.TestSongsAPI" name="test_create_song_with_link" time="0.895" /><testcase classname="backend.tests.test_teleprompter_features.TestSongsAPI" name="test_update_song_link" time="2.755" /><testcase classname="backend.tests.test_teleprompter_features.TestSetListsAPI" name="test_get_all_setlists" time="0.446" /><testcase classname="backend.tests.test_teleprompter_features.TestSetListsAPI" name="test_get_setlist_by_id" time="0.345" /><testcase classname="backend.tests.test_teleprompter_features.TestSetListsAPI" name="test_setlist_contains_songs_with_duration" time="0.800" /><testcase classname="backend.tests.test_teleprompter_features.TestSongLinkFeature" name="test_the_remainder_has_practice_link" time="0.443" /><testcase classname="backend.tests.test_teleprompter_features.TestSongLinkFeature" name="test_songs_without_link_return_empty_string" time="0.671" /><testcase classname="backend.tests.test_teleprompter_features.TestAutoScrollRequirements" name="test_song_duration_format" time="0.455" /></testsuite></testsuites>