<?xml version="1.0" encoding="utf-8"?><testsuites name="pytest tests"><testsuite name="pytest" errors="0" failures="0" skipped="1" tests="11" time="10.173" timestamp="2026-01-29T02:02:48.498175+00:00" hostname="agent-env-d0c8fbca-3e47-4712-83e5-cb9d8739f2e6"><testcase classname="backend.tests.test_practice_mode_audio.TestAudioUploadEndpoint" name="test_upload_audio_to_nonexistent_song" time="0.477" /><testcase classname="backend.tests.test_practice_mode_audio.TestAudioUploadEndpoint" name="test_upload_invalid_file_type" time="0.457" /><testcase classname="backend.tests.test_practice_mode_audio.TestAudioUploadEndpoint" name="test_upload_valid_mp3_file" time="1.103" /><testcase classname="backend.tests.test_practice_mode_audio.TestAudioUploadEndpoint" name="test_upload_wav_file" time="0.443" /><testcase classname="backend.tests.test_practice_mode_audio.TestAudioDeleteEndpoint" name="test_delete_audio_from_nonexistent_song" time="0.452" /><testcase classname="backend.tests.test_practice_mode_audio.TestAudioDeleteEndpoint" name="test_delete_audio_when_none_exists" time="0.445"><skipped type="pytest.skip" message="Song already has audio - skipping this test">/app/backend/tests/test_practice_mode_audio.py:134: Song already has audio - skipping this test</skipped></testcase><testcase classname="backend.tests.test_practice_mode_audio.TestAudioStreamingEndpoint" name="test_stream_nonexistent_file" time="0.341" /><testcase classname="backend.tests.test_practice_mode_audio.TestAudioStreamingEndpoint" name="test_path_traversal_prevention" time="0.792" /><testcase classname="backend.tests.test_practice_mode_audio.TestSongAudioFieldIntegration" name="test_song_has_audio_file_field" time="0.669" /><testcase classname="backend.tests.test_practice_mode_audio.TestSongAudioFieldIntegration" name="test_create_song_with_audio_file_field" time="0.923" /><testcase classname="backend.tests.test_practice_mode_audio.TestAudioUploadAndStreamFlow" name="test_full_audio_upload_stream_delete_flow" time="4.009" /></testsuite></testsuites>