<?xml version="1.0" encoding="utf-8"?><testsuites name="pytest tests"><testsuite name="pytest" errors="0" failures="0" skipped="0" tests="11" time="11.006" timestamp="2026-01-29T02:41:18.848576+00:00" hostname="agent-env-d0c8fbca-3e47-4712-83e5-cb9d8739f2e6"><testcase classname="backend.tests.test_audio_transcribe_workflow.TestAudioUploadTranscribeWorkflow" name="test_audio_upload_endpoint_exists" time="1.352" /><testcase classname="backend.tests.test_audio_transcribe_workflow.TestAudioUploadTranscribeWorkflow" name="test_audio_upload_accepts_transcribe_param" time="1.484" /><testcase classname="backend.tests.test_audio_transcribe_workflow.TestAudioUploadTranscribeWorkflow" name="test_audio_upload_with_transcribe_false" time="1.713" /><testcase classname="backend.tests.test_audio_transcribe_workflow.TestAudioUploadTranscribeWorkflow" name="test_song_without_practice_link_field" time="1.132" /><testcase classname="backend.tests.test_audio_transcribe_workflow.TestAudioUploadTranscribeWorkflow" name="test_audio_upload_returns_duration" time="1.110" /><testcase classname="backend.tests.test_audio_transcribe_workflow.TestAudioUploadTranscribeWorkflow" name="test_transcribe_audio_endpoint_still_exists" time="0.770" /><testcase classname="backend.tests.test_audio_transcribe_workflow.TestDashboardAPIEndpoints" name="test_songs_list_endpoint" time="0.675" /><testcase classname="backend.tests.test_audio_transcribe_workflow.TestDashboardAPIEndpoints" name="test_songs_import_endpoint_exists" time="0.443" /><testcase classname="backend.tests.test_audio_transcribe_workflow.TestDashboardAPIEndpoints" name="test_create_song_endpoint" time="1.456" /><testcase classname="backend.tests.test_audio_transcribe_workflow.TestExistingSongWithLyrics" name="test_the_remainder_song_exists" time="0.459" /><testcase classname="backend.tests.test_audio_transcribe_workflow.TestExistingSongWithLyrics" name="test_song_model_has_correct_fields" time="0.357" /></testsuite></testsuites>