<?xml version="1.0" encoding="utf-8"?><testsuites name="pytest tests"><testsuite name="pytest" errors="0" failures="0" skipped="0" tests="13" time="11.196" timestamp="2026-01-29T02:52:10.493182+00:00" hostname="agent-env-d0c8fbca-3e47-4712-83e5-cb9d8739f2e6"><testcase classname="backend.tests.test_from_audio_feature.TestFromAudioEndpoint" name="test_endpoint_exists" time="0.470" /><testcase classname="backend.tests.test_from_audio_feature.TestFromAudioEndpoint" name="test_rejects_non_audio_file" time="0.777" /><testcase classname="backend.tests.test_from_audio_feature.TestFromAudioEndpoint" name="test_rejects_invalid_extension" time="0.456" /><testcase classname="backend.tests.test_from_audio_feature.TestFromAudioEndpoint" name="test_accepts_mp3_extension" time="0.474" /><testcase classname="backend.tests.test_from_audio_feature.TestFromAudioResponse" name="test_response_contains_song_id" time="1.126" /><testcase classname="backend.tests.test_from_audio_feature.TestFromAudioResponse" name="test_response_uses_filename_as_name" time="1.235" /><testcase classname="backend.tests.test_from_audio_feature.TestFromAudioResponse" name="test_response_contains_audio_file_field" time="0.930" /><testcase classname="backend.tests.test_from_audio_feature.TestFromAudioIntegration" name="test_created_song_is_retrievable" time="1.812" /><testcase classname="backend.tests.test_from_audio_feature.TestFromAudioIntegration" name="test_created_song_appears_in_songs_list" time="1.504" /><testcase classname="backend.tests.test_from_audio_feature.TestFromAudioFileValidation" name="test_accepts_wav_extension" time="0.345" /><testcase classname="backend.tests.test_from_audio_feature.TestFromAudioFileValidation" name="test_accepts_m4a_extension" time="0.456" /><testcase classname="backend.tests.test_from_audio_feature.TestFromAudioFileValidation" name="test_accepts_ogg_extension" time="0.773" /><testcase classname="backend.tests.test_from_audio_feature.TestFromAudioFileValidation" name="test_accepts_flac_extension" time="0.770" /></testsuite></testsuites>