<?xml version="1.0" encoding="utf-8"?><testsuites name="pytest tests"><testsuite name="pytest" errors="0" failures="1" skipped="0" tests="12" time="9.803" timestamp="2026-01-29T00:44:26.937404+00:00" hostname="agent-env-d0c8fbca-3e47-4712-83e5-cb9d8739f2e6"><testcase classname="backend.tests.test_teleprompter_features.TestSongsAPI" name="test_get_all_songs" time="0.494" /><testcase classname="backend.tests.test_teleprompter_features.TestSongsAPI" name="test_get_song_by_id" time="1.545" /><testcase classname="backend.tests.test_teleprompter_features.TestSongsAPI" name="test_song_has_link_field" time="0.464" /><testcase classname="backend.tests.test_teleprompter_features.TestSongsAPI" name="test_song_has_duration_field" time="0.342" /><testcase classname="backend.tests.test_teleprompter_features.TestSongsAPI" name="test_create_song_with_link" time="0.907" /><testcase classname="backend.tests.test_teleprompter_features.TestSongsAPI" name="test_update_song_link" time="2.272" /><testcase classname="backend.tests.test_teleprompter_features.TestSetListsAPI" name="test_get_all_setlists" time="0.449" /><testcase classname="backend.tests.test_teleprompter_features.TestSetListsAPI" name="test_get_setlist_by_id" time="0.454" /><testcase classname="backend.tests.test_teleprompter_features.TestSetListsAPI" name="test_setlist_contains_songs_with_duration" time="1.211" /><testcase classname="backend.tests.test_teleprompter_features.TestSongLinkFeature" name="test_the_remainder_has_youtube_link" time="0.768"><failure message="AssertionError: Link should be a YouTube URL&#10;assert 'youtube.com' in 'https://www.dropbox.com/scl/fi/ythe5bt3aivkxv8rvl49v/14.-The-Remainder-V2_001.wav?rlkey=bzb4ggu0l2waqpvnrsmh72hbk&amp;st=nyu4s46x&amp;dl=0'">backend/tests/test_teleprompter_features.py:195: in test_the_remainder_has_youtube_link
    assert 'youtube.com' in song['link'], "Link should be a YouTube URL"
E   AssertionError: Link should be a YouTube URL
E   assert 'youtube.com' in 'https://www.dropbox.com/scl/fi/ythe5bt3aivkxv8rvl49v/14.-The-Remainder-V2_001.wav?rlkey=bzb4ggu0l2waqpvnrsmh72hbk&amp;st=nyu4s46x&amp;dl=0'</failure></testcase><testcase classname="backend.tests.test_teleprompter_features.TestSongLinkFeature" name="test_songs_without_link_return_empty_string" time="0.463" /><testcase classname="backend.tests.test_teleprompter_features.TestAutoScrollRequirements" name="test_song_duration_format" time="0.356" /></testsuite></testsuites>