<?xml version="1.0" encoding="utf-8"?><testsuites name="pytest tests"><testsuite name="pytest" errors="0" failures="0" skipped="0" tests="9" time="9.422" timestamp="2026-01-29T02:20:22.467825+00:00" hostname="agent-env-d0c8fbca-3e47-4712-83e5-cb9d8739f2e6"><testcase classname="backend.tests.test_click_track_features.TestAudioDurationExtraction" name="test_upload_wav_extracts_duration" time="1.999" /><testcase classname="backend.tests.test_click_track_features.TestAudioDurationExtraction" name="test_upload_returns_duration_in_response" time="1.702" /><testcase classname="backend.tests.test_click_track_features.TestSongBPMField" name="test_song_has_tempo_field" time="0.354" /><testcase classname="backend.tests.test_click_track_features.TestSongBPMField" name="test_song_with_bpm_value" time="0.367" /><testcase classname="backend.tests.test_click_track_features.TestSongBPMField" name="test_create_song_with_tempo" time="0.903" /><testcase classname="backend.tests.test_click_track_features.TestSongBPMField" name="test_update_song_tempo" time="2.048" /><testcase classname="backend.tests.test_click_track_features.TestPracticeLinkFieldRemoved" name="test_song_does_not_have_practice_link_field" time="0.471" /><testcase classname="backend.tests.test_click_track_features.TestPracticeLinkFieldRemoved" name="test_create_song_without_practice_link" time="0.804" /><testcase classname="backend.tests.test_click_track_features.TestSetListSongsWithAudio" name="test_setlist_songs_have_audio_file_field" time="0.706" /></testsuite></testsuites>